<?xml version="1.0" encoding="UTF-8"?>
<!-- Generated by org.testng.reporters.JUnitReportReporter -->
<testsuite hostname="WSD011" name="com.uat.TestCases.VerifyLoginFucntionality" tests="2" failures="0" timestamp="3 Mar 2017 10:47:26 GMT" time="35.589" errors="0">
  <testcase name="verifyValidLogin" time="12.459" classname="com.uat.TestCases.VerifyLoginFucntionality"/>
  <testcase name="verifyValidLogin" time="23.130" classname="com.uat.TestCases.VerifyLoginFucntionality"/>
</testsuite> <!-- com.uat.TestCases.VerifyLoginFucntionality -->
